---------------------------------------------------------------
[ 2020-05-10T17:36:26+08:00 ] 0.0.0.0 GET localhost/
[运行时间：0.109032s] [吞吐率：9.17req/s] [内存消耗：2,346.73kb] [文件加载：121]
[ info ] [ BEHAVIOR ] Run Closure @app_init [ RunTime:0.000094s ]
[ info ] [ CACHE ] INIT File
[ info ] [ BEHAVIOR ] Run Closure @app_init [ RunTime:0.003719s ]
[ info ] [ LANG ] D:\phpStudy\PHPTutorial\WWW\aurora\thinkphp\lang\zh-cn.php
[ info ] [ ROUTE ] array (
  'type' => 'module',
  'module' => 
  array (
    0 => '',
    1 => NULL,
    2 => NULL,
  ),
)
[ info ] [ HEADER ] array (
  'accept-language' => 'zh-CN,zh;q=0.9',
  'accept-encoding' => 'gzip, deflate, br',
  'sec-fetch-mode' => 'navigate',
  'sec-fetch-site' => 'none',
  'accept' => 'text/html,application/xhtml+xml,application/xml;q=0.9,image/webp,image/apng,*/*;q=0.8,application/signed-exchange;v=b3;q=0.9',
  'sec-fetch-dest' => 'document',
  'user-agent' => 'Mozilla/5.0 (Windows NT 10.0; Win64; x64) AppleWebKit/537.36 (KHTML, like Gecko) Chrome/80.0.3987.100 Safari/537.36',
  'upgrade-insecure-requests' => '1',
  'connection' => 'close',
  'host' => 'localhost',
)
[ info ] [ PARAM ] array (
)
[ info ] [ LANG ] D:\phpStudy\PHPTutorial\WWW\aurora\public/../application/index\lang\zh-cn.php
[ info ] [ BEHAVIOR ] Run app\common\behavior\Common @module_init [ RunTime:0.004995s ]
[ info ] [ LANG ] D:\phpStudy\PHPTutorial\WWW\aurora\public/../application/index/lang/zh-cn/index.php
[ info ] [ RUN ] app\index\controller\Index->index[ D:\phpStudy\PHPTutorial\WWW\aurora\application\index\controller\Index.php ]
[ info ] [ VIEW ] D:\phpStudy\PHPTutorial\WWW\aurora\public/../application/index\view\index\index.html [ array (
  0 => 'user',
  1 => 'site',
  2 => 'config',
) ]
[ info ] [ LOG ] INIT File
---------------------------------------------------------------
[ 2020-05-10T17:36:26+08:00 ] 0.0.0.0 GET localhost/favicon.ico
[运行时间：0.020084s] [吞吐率：49.79req/s] [内存消耗：1,596.53kb] [文件加载：106]
[ info ] [ BEHAVIOR ] Run Closure @app_init [ RunTime:0.000013s ]
[ info ] [ CACHE ] INIT File
[ info ] [ BEHAVIOR ] Run Closure @app_init [ RunTime:0.000891s ]
[ info ] [ LANG ] D:\phpStudy\PHPTutorial\WWW\aurora\thinkphp\lang\zh-cn.php
[ info ] [ ROUTE ] array (
  'type' => 'module',
  'module' => 
  array (
    0 => 'favicon.ico',
    1 => NULL,
    2 => NULL,
  ),
)
[ info ] [ HEADER ] array (
  'accept-language' => 'zh-CN,zh;q=0.9',
  'accept-encoding' => 'gzip, deflate, br',
  'referer' => 'http://localhost/',
  'sec-fetch-mode' => 'no-cors',
  'sec-fetch-site' => 'same-origin',
  'accept' => 'image/webp,image/apng,image/*,*/*;q=0.8',
  'sec-fetch-dest' => 'image',
  'user-agent' => 'Mozilla/5.0 (Windows NT 10.0; Win64; x64) AppleWebKit/537.36 (KHTML, like Gecko) Chrome/80.0.3987.100 Safari/537.36',
  'connection' => 'close',
  'host' => 'localhost',
)
[ info ] [ PARAM ] array (
)
[ info ] [ LOG ] INIT File
---------------------------------------------------------------
[ 2020-05-10T17:37:10+08:00 ] 0.0.0.0 GET www.localhost/favicon.ico
[运行时间：0.016411s] [吞吐率：60.93req/s] [内存消耗：1,595.06kb] [文件加载：106]
[ info ] [ BEHAVIOR ] Run Closure @app_init [ RunTime:0.000014s ]
[ info ] [ CACHE ] INIT File
[ info ] [ BEHAVIOR ] Run Closure @app_init [ RunTime:0.000872s ]
[ info ] [ LANG ] D:\phpStudy\PHPTutorial\WWW\aurora\thinkphp\lang\zh-cn.php
[ info ] [ ROUTE ] array (
  'type' => 'module',
  'module' => 
  array (
    0 => 'favicon.ico',
    1 => NULL,
    2 => NULL,
  ),
)
[ info ] [ HEADER ] array (
  'accept-language' => 'zh-CN,zh;q=0.9',
  'accept-encoding' => 'gzip, deflate, br',
  'user-agent' => 'Mozilla/5.0 (Windows NT 10.0; WOW64) AppleWebKit/537.36 (KHTML, like Gecko) Chrome/78.0.3904.108 Safari/537.36',
  'sec-fetch-mode' => 'no-cors',
  'sec-fetch-site' => 'none',
  'connection' => 'close',
  'host' => 'www.localhost',
)
[ info ] [ PARAM ] array (
)
[ info ] [ LOG ] INIT File
---------------------------------------------------------------
[ 2020-05-10T17:37:17+08:00 ] 0.0.0.0 GET www.localhost/favicon.ico
[运行时间：0.016321s] [吞吐率：61.27req/s] [内存消耗：1,595.06kb] [文件加载：106]
[ info ] [ BEHAVIOR ] Run Closure @app_init [ RunTime:0.000014s ]
[ info ] [ CACHE ] INIT File
[ info ] [ BEHAVIOR ] Run Closure @app_init [ RunTime:0.000887s ]
[ info ] [ LANG ] D:\phpStudy\PHPTutorial\WWW\aurora\thinkphp\lang\zh-cn.php
[ info ] [ ROUTE ] array (
  'type' => 'module',
  'module' => 
  array (
    0 => 'favicon.ico',
    1 => NULL,
    2 => NULL,
  ),
)
[ info ] [ HEADER ] array (
  'accept-language' => 'zh-CN,zh;q=0.9',
  'accept-encoding' => 'gzip, deflate, br',
  'user-agent' => 'Mozilla/5.0 (Windows NT 10.0; WOW64) AppleWebKit/537.36 (KHTML, like Gecko) Chrome/78.0.3904.108 Safari/537.36',
  'sec-fetch-mode' => 'no-cors',
  'sec-fetch-site' => 'none',
  'connection' => 'close',
  'host' => 'www.localhost',
)
[ info ] [ PARAM ] array (
)
[ info ] [ LOG ] INIT File
---------------------------------------------------------------
[ 2020-05-10T17:37:22+08:00 ] 0.0.0.0 GET localhost/favicon.ico
[运行时间：0.017611s] [吞吐率：56.78req/s] [内存消耗：1,595.51kb] [文件加载：106]
[ info ] [ BEHAVIOR ] Run Closure @app_init [ RunTime:0.000016s ]
[ info ] [ CACHE ] INIT File
[ info ] [ BEHAVIOR ] Run Closure @app_init [ RunTime:0.000973s ]
[ info ] [ LANG ] D:\phpStudy\PHPTutorial\WWW\aurora\thinkphp\lang\zh-cn.php
[ info ] [ ROUTE ] array (
  'type' => 'module',
  'module' => 
  array (
    0 => 'favicon.ico',
    1 => NULL,
    2 => NULL,
  ),
)
[ info ] [ HEADER ] array (
  'cookie' => 'Hm_lvt_f8d0a8c400404989e195270b0bbf060a=1585290539',
  'accept-language' => 'zh-CN,zh;q=0.9',
  'accept-encoding' => 'gzip, deflate, br',
  'user-agent' => 'Mozilla/5.0 (Windows NT 10.0; WOW64) AppleWebKit/537.36 (KHTML, like Gecko) Chrome/78.0.3904.108 Safari/537.36',
  'sec-fetch-mode' => 'no-cors',
  'sec-fetch-site' => 'none',
  'connection' => 'close',
  'host' => 'localhost',
)
[ info ] [ PARAM ] array (
)
[ info ] [ LOG ] INIT File
---------------------------------------------------------------
[ 2020-05-10T17:37:22+08:00 ] 0.0.0.0 GET www.localhost/favicon.ico
[运行时间：0.017288s] [吞吐率：57.84req/s] [内存消耗：1,595.06kb] [文件加载：106]
[ info ] [ BEHAVIOR ] Run Closure @app_init [ RunTime:0.000016s ]
[ info ] [ CACHE ] INIT File
[ info ] [ BEHAVIOR ] Run Closure @app_init [ RunTime:0.000909s ]
[ info ] [ LANG ] D:\phpStudy\PHPTutorial\WWW\aurora\thinkphp\lang\zh-cn.php
[ info ] [ ROUTE ] array (
  'type' => 'module',
  'module' => 
  array (
    0 => 'favicon.ico',
    1 => NULL,
    2 => NULL,
  ),
)
[ info ] [ HEADER ] array (
  'accept-language' => 'zh-CN,zh;q=0.9',
  'accept-encoding' => 'gzip, deflate, br',
  'user-agent' => 'Mozilla/5.0 (Windows NT 10.0; WOW64) AppleWebKit/537.36 (KHTML, like Gecko) Chrome/78.0.3904.108 Safari/537.36',
  'sec-fetch-mode' => 'no-cors',
  'sec-fetch-site' => 'none',
  'connection' => 'close',
  'host' => 'www.localhost',
)
[ info ] [ PARAM ] array (
)
[ info ] [ LOG ] INIT File
---------------------------------------------------------------
[ 2020-05-10T17:37:22+08:00 ] 0.0.0.0 GET localhost/favicon.ico
[运行时间：0.017208s] [吞吐率：58.11req/s] [内存消耗：1,595.51kb] [文件加载：106]
[ info ] [ BEHAVIOR ] Run Closure @app_init [ RunTime:0.000015s ]
[ info ] [ CACHE ] INIT File
[ info ] [ BEHAVIOR ] Run Closure @app_init [ RunTime:0.000938s ]
[ info ] [ LANG ] D:\phpStudy\PHPTutorial\WWW\aurora\thinkphp\lang\zh-cn.php
[ info ] [ ROUTE ] array (
  'type' => 'module',
  'module' => 
  array (
    0 => 'favicon.ico',
    1 => NULL,
    2 => NULL,
  ),
)
[ info ] [ HEADER ] array (
  'cookie' => 'Hm_lvt_f8d0a8c400404989e195270b0bbf060a=1585290539',
  'accept-language' => 'zh-CN,zh;q=0.9',
  'accept-encoding' => 'gzip, deflate, br',
  'user-agent' => 'Mozilla/5.0 (Windows NT 10.0; WOW64) AppleWebKit/537.36 (KHTML, like Gecko) Chrome/78.0.3904.108 Safari/537.36',
  'sec-fetch-mode' => 'no-cors',
  'sec-fetch-site' => 'none',
  'connection' => 'close',
  'host' => 'localhost',
)
[ info ] [ PARAM ] array (
)
[ info ] [ LOG ] INIT File
---------------------------------------------------------------
[ 2020-05-10T17:37:22+08:00 ] 0.0.0.0 GET www.localhost/favicon.ico
[运行时间：0.018702s] [吞吐率：53.47req/s] [内存消耗：1,595.06kb] [文件加载：106]
[ info ] [ BEHAVIOR ] Run Closure @app_init [ RunTime:0.000017s ]
[ info ] [ CACHE ] INIT File
[ info ] [ BEHAVIOR ] Run Closure @app_init [ RunTime:0.000961s ]
[ info ] [ LANG ] D:\phpStudy\PHPTutorial\WWW\aurora\thinkphp\lang\zh-cn.php
[ info ] [ ROUTE ] array (
  'type' => 'module',
  'module' => 
  array (
    0 => 'favicon.ico',
    1 => NULL,
    2 => NULL,
  ),
)
[ info ] [ HEADER ] array (
  'accept-language' => 'zh-CN,zh;q=0.9',
  'accept-encoding' => 'gzip, deflate, br',
  'user-agent' => 'Mozilla/5.0 (Windows NT 10.0; WOW64) AppleWebKit/537.36 (KHTML, like Gecko) Chrome/78.0.3904.108 Safari/537.36',
  'sec-fetch-mode' => 'no-cors',
  'sec-fetch-site' => 'none',
  'connection' => 'close',
  'host' => 'www.localhost',
)
[ info ] [ PARAM ] array (
)
[ info ] [ LOG ] INIT File
---------------------------------------------------------------
[ 2020-05-10T17:37:23+08:00 ] 0.0.0.0 GET localhost/
[运行时间：0.022590s] [吞吐率：44.27req/s] [内存消耗：2,347.07kb] [文件加载：121]
[ info ] [ BEHAVIOR ] Run Closure @app_init [ RunTime:0.000013s ]
[ info ] [ CACHE ] INIT File
[ info ] [ BEHAVIOR ] Run Closure @app_init [ RunTime:0.001161s ]
[ info ] [ LANG ] D:\phpStudy\PHPTutorial\WWW\aurora\thinkphp\lang\zh-cn.php
[ info ] [ ROUTE ] array (
  'type' => 'module',
  'module' => 
  array (
    0 => '',
    1 => NULL,
    2 => NULL,
  ),
)
[ info ] [ HEADER ] array (
  'cookie' => 'Hm_lvt_f8d0a8c400404989e195270b0bbf060a=1585290539',
  'accept-language' => 'zh-CN,zh;q=0.9',
  'accept-encoding' => 'gzip, deflate, br',
  'sec-fetch-mode' => 'navigate',
  'sec-fetch-site' => 'none',
  'accept' => 'text/html,application/xhtml+xml,application/xml;q=0.9,image/webp,image/apng,*/*;q=0.8,application/signed-exchange;v=b3',
  'sec-fetch-user' => '?1',
  'user-agent' => 'Mozilla/5.0 (Windows NT 10.0; WOW64) AppleWebKit/537.36 (KHTML, like Gecko) Chrome/78.0.3904.108 Safari/537.36',
  'upgrade-insecure-requests' => '1',
  'connection' => 'close',
  'host' => 'localhost',
)
[ info ] [ PARAM ] array (
)
[ info ] [ LANG ] D:\phpStudy\PHPTutorial\WWW\aurora\public/../application/index\lang\zh-cn.php
[ info ] [ BEHAVIOR ] Run app\common\behavior\Common @module_init [ RunTime:0.001006s ]
[ info ] [ LANG ] D:\phpStudy\PHPTutorial\WWW\aurora\public/../application/index/lang/zh-cn/index.php
[ info ] [ RUN ] app\index\controller\Index->index[ D:\phpStudy\PHPTutorial\WWW\aurora\application\index\controller\Index.php ]
[ info ] [ VIEW ] D:\phpStudy\PHPTutorial\WWW\aurora\public/../application/index\view\index\index.html [ array (
  0 => 'user',
  1 => 'site',
  2 => 'config',
) ]
[ info ] [ LOG ] INIT File
---------------------------------------------------------------
[ 2020-05-10T17:37:23+08:00 ] 0.0.0.0 GET localhost/favicon.ico
[运行时间：0.017133s] [吞吐率：58.37req/s] [内存消耗：1,596.70kb] [文件加载：106]
[ info ] [ BEHAVIOR ] Run Closure @app_init [ RunTime:0.000014s ]
[ info ] [ CACHE ] INIT File
[ info ] [ BEHAVIOR ] Run Closure @app_init [ RunTime:0.000950s ]
[ info ] [ LANG ] D:\phpStudy\PHPTutorial\WWW\aurora\thinkphp\lang\zh-cn.php
[ info ] [ ROUTE ] array (
  'type' => 'module',
  'module' => 
  array (
    0 => 'favicon.ico',
    1 => NULL,
    2 => NULL,
  ),
)
[ info ] [ HEADER ] array (
  'cookie' => 'Hm_lvt_f8d0a8c400404989e195270b0bbf060a=1585290539',
  'accept-language' => 'zh-CN,zh;q=0.9',
  'accept-encoding' => 'gzip, deflate, br',
  'referer' => 'http://localhost/',
  'sec-fetch-mode' => 'no-cors',
  'sec-fetch-site' => 'same-origin',
  'accept' => 'image/webp,image/apng,image/*,*/*;q=0.8',
  'user-agent' => 'Mozilla/5.0 (Windows NT 10.0; WOW64) AppleWebKit/537.36 (KHTML, like Gecko) Chrome/78.0.3904.108 Safari/537.36',
  'connection' => 'close',
  'host' => 'localhost',
)
[ info ] [ PARAM ] array (
)
[ info ] [ LOG ] INIT File
---------------------------------------------------------------
[ 2020-05-10T17:37:33+08:00 ] 0.0.0.0 GET localhost/favicon.ico
[运行时间：0.016651s] [吞吐率：60.06req/s] [内存消耗：1,595.51kb] [文件加载：106]
[ info ] [ BEHAVIOR ] Run Closure @app_init [ RunTime:0.000013s ]
[ info ] [ CACHE ] INIT File
[ info ] [ BEHAVIOR ] Run Closure @app_init [ RunTime:0.000868s ]
[ info ] [ LANG ] D:\phpStudy\PHPTutorial\WWW\aurora\thinkphp\lang\zh-cn.php
[ info ] [ ROUTE ] array (
  'type' => 'module',
  'module' => 
  array (
    0 => 'favicon.ico',
    1 => NULL,
    2 => NULL,
  ),
)
[ info ] [ HEADER ] array (
  'cookie' => 'Hm_lvt_f8d0a8c400404989e195270b0bbf060a=1585290539',
  'accept-language' => 'zh-CN,zh;q=0.9',
  'accept-encoding' => 'gzip, deflate, br',
  'user-agent' => 'Mozilla/5.0 (Windows NT 10.0; WOW64) AppleWebKit/537.36 (KHTML, like Gecko) Chrome/78.0.3904.108 Safari/537.36',
  'sec-fetch-mode' => 'no-cors',
  'sec-fetch-site' => 'none',
  'connection' => 'close',
  'host' => 'localhost',
)
[ info ] [ PARAM ] array (
)
[ info ] [ LOG ] INIT File
---------------------------------------------------------------
[ 2020-05-10T17:37:33+08:00 ] 0.0.0.0 GET www.localhost/favicon.ico
[运行时间：0.016986s] [吞吐率：58.87req/s] [内存消耗：1,595.06kb] [文件加载：106]
[ info ] [ BEHAVIOR ] Run Closure @app_init [ RunTime:0.000012s ]
[ info ] [ CACHE ] INIT File
[ info ] [ BEHAVIOR ] Run Closure @app_init [ RunTime:0.000884s ]
[ info ] [ LANG ] D:\phpStudy\PHPTutorial\WWW\aurora\thinkphp\lang\zh-cn.php
[ info ] [ ROUTE ] array (
  'type' => 'module',
  'module' => 
  array (
    0 => 'favicon.ico',
    1 => NULL,
    2 => NULL,
  ),
)
[ info ] [ HEADER ] array (
  'accept-language' => 'zh-CN,zh;q=0.9',
  'accept-encoding' => 'gzip, deflate, br',
  'user-agent' => 'Mozilla/5.0 (Windows NT 10.0; WOW64) AppleWebKit/537.36 (KHTML, like Gecko) Chrome/78.0.3904.108 Safari/537.36',
  'sec-fetch-mode' => 'no-cors',
  'sec-fetch-site' => 'none',
  'connection' => 'close',
  'host' => 'www.localhost',
)
[ info ] [ PARAM ] array (
)
[ info ] [ LOG ] INIT File
---------------------------------------------------------------
[ 2020-05-10T17:37:34+08:00 ] 0.0.0.0 GET localhost/
[运行时间：0.022271s] [吞吐率：44.90req/s] [内存消耗：2,347.40kb] [文件加载：121]
[ info ] [ BEHAVIOR ] Run Closure @app_init [ RunTime:0.000013s ]
[ info ] [ CACHE ] INIT File
[ info ] [ BEHAVIOR ] Run Closure @app_init [ RunTime:0.000864s ]
[ info ] [ LANG ] D:\phpStudy\PHPTutorial\WWW\aurora\thinkphp\lang\zh-cn.php
[ info ] [ ROUTE ] array (
  'type' => 'module',
  'module' => 
  array (
    0 => '',
    1 => NULL,
    2 => NULL,
  ),
)
[ info ] [ HEADER ] array (
  'cookie' => 'Hm_lvt_f8d0a8c400404989e195270b0bbf060a=1585290539',
  'accept-language' => 'zh-CN,zh;q=0.9',
  'accept-encoding' => 'gzip, deflate, br',
  'sec-fetch-mode' => 'navigate',
  'sec-fetch-site' => 'none',
  'accept' => 'text/html,application/xhtml+xml,application/xml;q=0.9,image/webp,image/apng,*/*;q=0.8,application/signed-exchange;v=b3',
  'sec-fetch-user' => '?1',
  'user-agent' => 'Mozilla/5.0 (Windows NT 10.0; WOW64) AppleWebKit/537.36 (KHTML, like Gecko) Chrome/78.0.3904.108 Safari/537.36',
  'upgrade-insecure-requests' => '1',
  'cache-control' => 'max-age=0',
  'connection' => 'close',
  'host' => 'localhost',
)
[ info ] [ PARAM ] array (
)
[ info ] [ LANG ] D:\phpStudy\PHPTutorial\WWW\aurora\public/../application/index\lang\zh-cn.php
[ info ] [ BEHAVIOR ] Run app\common\behavior\Common @module_init [ RunTime:0.000893s ]
[ info ] [ LANG ] D:\phpStudy\PHPTutorial\WWW\aurora\public/../application/index/lang/zh-cn/index.php
[ info ] [ RUN ] app\index\controller\Index->index[ D:\phpStudy\PHPTutorial\WWW\aurora\application\index\controller\Index.php ]
[ info ] [ VIEW ] D:\phpStudy\PHPTutorial\WWW\aurora\public/../application/index\view\index\index.html [ array (
  0 => 'user',
  1 => 'site',
  2 => 'config',
) ]
[ info ] [ LOG ] INIT File
---------------------------------------------------------------
[ 2020-05-10T17:37:37+08:00 ] 0.0.0.0 GET localhost/favicon.ico
[运行时间：0.016695s] [吞吐率：59.90req/s] [内存消耗：1,595.51kb] [文件加载：106]
[ info ] [ BEHAVIOR ] Run Closure @app_init [ RunTime:0.000030s ]
[ info ] [ CACHE ] INIT File
[ info ] [ BEHAVIOR ] Run Closure @app_init [ RunTime:0.000907s ]
[ info ] [ LANG ] D:\phpStudy\PHPTutorial\WWW\aurora\thinkphp\lang\zh-cn.php
[ info ] [ ROUTE ] array (
  'type' => 'module',
  'module' => 
  array (
    0 => 'favicon.ico',
    1 => NULL,
    2 => NULL,
  ),
)
[ info ] [ HEADER ] array (
  'cookie' => 'Hm_lvt_f8d0a8c400404989e195270b0bbf060a=1585290539',
  'accept-language' => 'zh-CN,zh;q=0.9',
  'accept-encoding' => 'gzip, deflate, br',
  'user-agent' => 'Mozilla/5.0 (Windows NT 10.0; WOW64) AppleWebKit/537.36 (KHTML, like Gecko) Chrome/78.0.3904.108 Safari/537.36',
  'sec-fetch-mode' => 'no-cors',
  'sec-fetch-site' => 'none',
  'connection' => 'close',
  'host' => 'localhost',
)
[ info ] [ PARAM ] array (
)
[ info ] [ LOG ] INIT File
---------------------------------------------------------------
[ 2020-05-10T17:37:37+08:00 ] 0.0.0.0 GET www.localhost/favicon.ico
[运行时间：0.016261s] [吞吐率：61.50req/s] [内存消耗：1,595.06kb] [文件加载：106]
[ info ] [ BEHAVIOR ] Run Closure @app_init [ RunTime:0.000014s ]
[ info ] [ CACHE ] INIT File
[ info ] [ BEHAVIOR ] Run Closure @app_init [ RunTime:0.000862s ]
[ info ] [ LANG ] D:\phpStudy\PHPTutorial\WWW\aurora\thinkphp\lang\zh-cn.php
[ info ] [ ROUTE ] array (
  'type' => 'module',
  'module' => 
  array (
    0 => 'favicon.ico',
    1 => NULL,
    2 => NULL,
  ),
)
[ info ] [ HEADER ] array (
  'accept-language' => 'zh-CN,zh;q=0.9',
  'accept-encoding' => 'gzip, deflate, br',
  'user-agent' => 'Mozilla/5.0 (Windows NT 10.0; WOW64) AppleWebKit/537.36 (KHTML, like Gecko) Chrome/78.0.3904.108 Safari/537.36',
  'sec-fetch-mode' => 'no-cors',
  'sec-fetch-site' => 'none',
  'connection' => 'close',
  'host' => 'www.localhost',
)
[ info ] [ PARAM ] array (
)
[ info ] [ LOG ] INIT File
---------------------------------------------------------------
[ 2020-05-10T17:37:37+08:00 ] 0.0.0.0 GET www.localhost/favicon.ico
[运行时间：0.016424s] [吞吐率：60.89req/s] [内存消耗：1,595.06kb] [文件加载：106]
[ info ] [ BEHAVIOR ] Run Closure @app_init [ RunTime:0.000015s ]
[ info ] [ CACHE ] INIT File
[ info ] [ BEHAVIOR ] Run Closure @app_init [ RunTime:0.000874s ]
[ info ] [ LANG ] D:\phpStudy\PHPTutorial\WWW\aurora\thinkphp\lang\zh-cn.php
[ info ] [ ROUTE ] array (
  'type' => 'module',
  'module' => 
  array (
    0 => 'favicon.ico',
    1 => NULL,
    2 => NULL,
  ),
)
[ info ] [ HEADER ] array (
  'accept-language' => 'zh-CN,zh;q=0.9',
  'accept-encoding' => 'gzip, deflate, br',
  'user-agent' => 'Mozilla/5.0 (Windows NT 10.0; WOW64) AppleWebKit/537.36 (KHTML, like Gecko) Chrome/78.0.3904.108 Safari/537.36',
  'sec-fetch-mode' => 'no-cors',
  'sec-fetch-site' => 'none',
  'connection' => 'close',
  'host' => 'www.localhost',
)
[ info ] [ PARAM ] array (
)
[ info ] [ LOG ] INIT File
---------------------------------------------------------------
[ 2020-05-10T17:37:42+08:00 ] 0.0.0.0 GET www.localhost/favicon.ico
[运行时间：0.016965s] [吞吐率：58.94req/s] [内存消耗：1,595.06kb] [文件加载：106]
[ info ] [ BEHAVIOR ] Run Closure @app_init [ RunTime:0.000014s ]
[ info ] [ CACHE ] INIT File
[ info ] [ BEHAVIOR ] Run Closure @app_init [ RunTime:0.000877s ]
[ info ] [ LANG ] D:\phpStudy\PHPTutorial\WWW\aurora\thinkphp\lang\zh-cn.php
[ info ] [ ROUTE ] array (
  'type' => 'module',
  'module' => 
  array (
    0 => 'favicon.ico',
    1 => NULL,
    2 => NULL,
  ),
)
[ info ] [ HEADER ] array (
  'accept-language' => 'zh-CN,zh;q=0.9',
  'accept-encoding' => 'gzip, deflate, br',
  'user-agent' => 'Mozilla/5.0 (Windows NT 10.0; WOW64) AppleWebKit/537.36 (KHTML, like Gecko) Chrome/78.0.3904.108 Safari/537.36',
  'sec-fetch-mode' => 'no-cors',
  'sec-fetch-site' => 'none',
  'connection' => 'close',
  'host' => 'www.localhost',
)
[ info ] [ PARAM ] array (
)
[ info ] [ LOG ] INIT File
---------------------------------------------------------------
[ 2020-05-10T17:37:45+08:00 ] 0.0.0.0 GET localhost/
[运行时间：0.023253s] [吞吐率：43.01req/s] [内存消耗：2,346.92kb] [文件加载：121]
[ info ] [ BEHAVIOR ] Run Closure @app_init [ RunTime:0.000015s ]
[ info ] [ CACHE ] INIT File
[ info ] [ BEHAVIOR ] Run Closure @app_init [ RunTime:0.000895s ]
[ info ] [ LANG ] D:\phpStudy\PHPTutorial\WWW\aurora\thinkphp\lang\zh-cn.php
[ info ] [ ROUTE ] array (
  'type' => 'module',
  'module' => 
  array (
    0 => '',
    1 => NULL,
    2 => NULL,
  ),
)
[ info ] [ HEADER ] array (
  'accept-language' => 'zh-CN,zh;q=0.9',
  'accept-encoding' => 'gzip, deflate, br',
  'sec-fetch-user' => '?1',
  'sec-fetch-mode' => 'navigate',
  'sec-fetch-site' => 'none',
  'accept' => 'text/html,application/xhtml+xml,application/xml;q=0.9,image/webp,image/apng,*/*;q=0.8,application/signed-exchange;v=b3;q=0.9',
  'sec-fetch-dest' => 'document',
  'user-agent' => 'Mozilla/5.0 (Windows NT 10.0; Win64; x64) AppleWebKit/537.36 (KHTML, like Gecko) Chrome/80.0.3987.100 Safari/537.36',
  'upgrade-insecure-requests' => '1',
  'connection' => 'close',
  'host' => 'localhost',
)
[ info ] [ PARAM ] array (
)
[ info ] [ LANG ] D:\phpStudy\PHPTutorial\WWW\aurora\public/../application/index\lang\zh-cn.php
[ info ] [ BEHAVIOR ] Run app\common\behavior\Common @module_init [ RunTime:0.001252s ]
[ info ] [ LANG ] D:\phpStudy\PHPTutorial\WWW\aurora\public/../application/index/lang/zh-cn/index.php
[ info ] [ RUN ] app\index\controller\Index->index[ D:\phpStudy\PHPTutorial\WWW\aurora\application\index\controller\Index.php ]
[ info ] [ VIEW ] D:\phpStudy\PHPTutorial\WWW\aurora\public/../application/index\view\index\index.html [ array (
  0 => 'user',
  1 => 'site',
  2 => 'config',
) ]
[ info ] [ LOG ] INIT File
---------------------------------------------------------------
[ 2020-05-10T17:38:44+08:00 ] 0.0.0.0 GET localhost/
[运行时间：0.028130s] [吞吐率：35.55req/s] [内存消耗：2,347.38kb] [文件加载：121]
[ info ] [ BEHAVIOR ] Run Closure @app_init [ RunTime:0.000100s ]
[ info ] [ CACHE ] INIT File
[ info ] [ BEHAVIOR ] Run Closure @app_init [ RunTime:0.001153s ]
[ info ] [ LANG ] D:\phpStudy\PHPTutorial\WWW\aurora\thinkphp\lang\zh-cn.php
[ info ] [ ROUTE ] array (
  'type' => 'module',
  'module' => 
  array (
    0 => '',
    1 => NULL,
    2 => NULL,
  ),
)
[ info ] [ HEADER ] array (
  'accept-language' => 'zh-CN,zh;q=0.9',
  'accept-encoding' => 'gzip, deflate, br',
  'sec-fetch-user' => '?1',
  'sec-fetch-mode' => 'navigate',
  'sec-fetch-site' => 'none',
  'accept' => 'text/html,application/xhtml+xml,application/xml;q=0.9,image/webp,image/apng,*/*;q=0.8,application/signed-exchange;v=b3;q=0.9',
  'sec-fetch-dest' => 'document',
  'user-agent' => 'Mozilla/5.0 (Windows NT 10.0; Win64; x64) AppleWebKit/537.36 (KHTML, like Gecko) Chrome/80.0.3987.100 Safari/537.36',
  'upgrade-insecure-requests' => '1',
  'cache-control' => 'max-age=0',
  'connection' => 'close',
  'host' => 'localhost',
)
[ info ] [ PARAM ] array (
)
[ info ] [ LANG ] D:\phpStudy\PHPTutorial\WWW\aurora\public/../application/index\lang\zh-cn.php
[ info ] [ BEHAVIOR ] Run app\common\behavior\Common @module_init [ RunTime:0.001180s ]
[ info ] [ LANG ] D:\phpStudy\PHPTutorial\WWW\aurora\public/../application/index/lang/zh-cn/index.php
[ info ] [ RUN ] app\index\controller\Index->index[ D:\phpStudy\PHPTutorial\WWW\aurora\application\index\controller\Index.php ]
[ info ] [ VIEW ] D:\phpStudy\PHPTutorial\WWW\aurora\public/../application/index\view\index\index.html [ array (
  0 => 'user',
  1 => 'site',
  2 => 'config',
) ]
[ info ] [ LOG ] INIT File
