---------------------------------------------------------------
[ 2020-04-25T11:50:47+08:00 ] 104.236.75.62 GET yc.cishivip.com/wp-login.php
[运行时间：0.065969s] [吞吐率：15.16req/s] [内存消耗：1,594.38kb] [文件加载：106]
[ info ] [ BEHAVIOR ] Run Closure @app_init [ RunTime:0.000013s ]
[ info ] [ CACHE ] INIT File
[ info ] [ BEHAVIOR ] Run Closure @app_init [ RunTime:0.002567s ]
[ info ] [ LANG ] D:\phpStudy\PHPTutorial\WWW\aurora\thinkphp\lang\zh-cn.php
[ info ] [ ROUTE ] array (
  'type' => 'module',
  'module' => 
  array (
    0 => 'wp-login.php',
    1 => NULL,
    2 => NULL,
  ),
)
[ info ] [ HEADER ] array (
  'x-forwarded-for' => '104.236.75.62',
  'referer' => 'http://yc.cishivip.com/wp-login.php',
  'accept-encoding' => 'gzip',
  'connection' => 'close',
  'user-agent' => 'Mozilla/5.0 (X11; Ubuntu; Linux x86_64; rv:62.0) Gecko/20100101 Firefox/62.0',
  'host' => 'yc.cishivip.com',
)
[ info ] [ PARAM ] array (
)
[ info ] [ LOG ] INIT File
---------------------------------------------------------------
[ 2020-04-25T15:15:16+08:00 ] 127.0.0.1 GET test.aurora.com/HPkDuzeOnE.php/index/index
[运行时间：0.043391s] [吞吐率：23.05req/s] [内存消耗：2,341.50kb] [文件加载：122]
[ info ] [ BEHAVIOR ] Run Closure @app_init [ RunTime:0.000012s ]
[ info ] [ CACHE ] INIT File
[ info ] [ BEHAVIOR ] Run Closure @app_init [ RunTime:0.001188s ]
[ info ] [ LANG ] D:\phpStudy\PHPTutorial\WWW\aurora\thinkphp\lang\zh-cn.php
[ info ] [ ROUTE ] array (
  'type' => 'module',
  'module' => 
  array (
    0 => 'admin',
    1 => 'index',
    2 => 'index',
  ),
)
[ info ] [ HEADER ] array (
  'accept-language' => 'zh-CN,zh;q=0.9',
  'accept-encoding' => 'gzip, deflate',
  'referer' => 'http://test.aurora.com/HPkDuzeOnE.php/dashboard?ref=addtabs',
  'accept' => 'text/html,application/xhtml+xml,application/xml;q=0.9,image/webp,image/apng,*/*;q=0.8,application/signed-exchange;v=b3',
  'user-agent' => 'Mozilla/5.0 (Windows NT 10.0; WOW64) AppleWebKit/537.36 (KHTML, like Gecko) Chrome/78.0.3904.108 Safari/537.36',
  'upgrade-insecure-requests' => '1',
  'connection' => 'close',
  'host' => 'test.aurora.com',
)
[ info ] [ PARAM ] array (
)
[ info ] [ LANG ] D:\phpStudy\PHPTutorial\WWW\aurora\public/../application/admin\lang\zh-cn.php
[ info ] [ BEHAVIOR ] Run app\common\behavior\Common @module_init [ RunTime:0.003045s ]
[ info ] [ SESSION ] INIT array (
  'id' => '',
  'var_session_id' => '',
  'prefix' => 'think',
  'type' => '',
  'auto_start' => true,
)
[ info ] [ VIEW ] D:\phpStudy\PHPTutorial\WWW\aurora\public/../application/common\view\tpl\dispatch_jump.tpl [ array (
  0 => 'code',
  1 => 'msg',
  2 => 'data',
  3 => 'url',
  4 => 'wait',
) ]
[ info ] [ BEHAVIOR ] Run app\admin\behavior\AdminLog @app_end [ RunTime:0.000252s ]
[ info ] [ LOG ] INIT File
---------------------------------------------------------------
[ 2020-04-25T15:15:19+08:00 ] 127.0.0.1 GET test.aurora.com/HPkDuzeOnE.php/index/login?url=%2FHPkDuzeOnE.php%2Findex%2Findex
[运行时间：0.028928s] [吞吐率：34.57req/s] [内存消耗：2,590.47kb] [文件加载：125]
[ info ] [ BEHAVIOR ] Run Closure @app_init [ RunTime:0.000012s ]
[ info ] [ CACHE ] INIT File
[ info ] [ BEHAVIOR ] Run Closure @app_init [ RunTime:0.000901s ]
[ info ] [ LANG ] D:\phpStudy\PHPTutorial\WWW\aurora\thinkphp\lang\zh-cn.php
[ info ] [ ROUTE ] array (
  'type' => 'module',
  'module' => 
  array (
    0 => 'admin',
    1 => 'index',
    2 => 'login',
  ),
)
[ info ] [ HEADER ] array (
  'cookie' => 'PHPSESSID=cb5sh226sn5r843hc5jtsm2m4d',
  'accept-language' => 'zh-CN,zh;q=0.9',
  'accept-encoding' => 'gzip, deflate',
  'referer' => 'http://test.aurora.com/HPkDuzeOnE.php/index/index',
  'accept' => 'text/html,application/xhtml+xml,application/xml;q=0.9,image/webp,image/apng,*/*;q=0.8,application/signed-exchange;v=b3',
  'user-agent' => 'Mozilla/5.0 (Windows NT 10.0; WOW64) AppleWebKit/537.36 (KHTML, like Gecko) Chrome/78.0.3904.108 Safari/537.36',
  'upgrade-insecure-requests' => '1',
  'connection' => 'close',
  'host' => 'test.aurora.com',
)
[ info ] [ PARAM ] array (
  'url' => '/HPkDuzeOnE.php/index/index',
)
[ info ] [ LANG ] D:\phpStudy\PHPTutorial\WWW\aurora\public/../application/admin\lang\zh-cn.php
[ info ] [ BEHAVIOR ] Run app\common\behavior\Common @module_init [ RunTime:0.000892s ]
[ info ] [ SESSION ] INIT array (
  'id' => '',
  'var_session_id' => '',
  'prefix' => 'think',
  'type' => '',
  'auto_start' => true,
)
[ info ] [ LANG ] D:\phpStudy\PHPTutorial\WWW\aurora\public/../application/admin/lang/zh-cn/index.php
[ info ] [ RUN ] app\admin\controller\Index->login[ D:\phpStudy\PHPTutorial\WWW\aurora\application\admin\controller\Index.php ]
[ info ] [ VIEW ] D:\phpStudy\PHPTutorial\WWW\aurora\public/../application/admin\view\index\login.html [ array (
  0 => 'breadcrumb',
  1 => 'site',
  2 => 'config',
  3 => 'auth',
  4 => 'admin',
  5 => 'background',
  6 => 'title',
) ]
[ info ] [ BEHAVIOR ] Run app\admin\behavior\AdminLog @app_end [ RunTime:0.000112s ]
[ info ] [ LOG ] INIT File
---------------------------------------------------------------
[ 2020-04-25T15:15:19+08:00 ] 110.87.130.94 GET yc.cishivip.com/HPkDuzeOnE.php/index/login?url=%2FHPkDuzeOnE.php
[运行时间：0.033256s] [吞吐率：30.07req/s] [内存消耗：2,592.50kb] [文件加载：125]
[ info ] [ BEHAVIOR ] Run Closure @app_init [ RunTime:0.000017s ]
[ info ] [ CACHE ] INIT File
[ info ] [ BEHAVIOR ] Run Closure @app_init [ RunTime:0.001197s ]
[ info ] [ LANG ] D:\phpStudy\PHPTutorial\WWW\aurora\thinkphp\lang\zh-cn.php
[ info ] [ ROUTE ] array (
  'type' => 'module',
  'module' => 
  array (
    0 => 'admin',
    1 => 'index',
    2 => 'login',
  ),
)
[ info ] [ HEADER ] array (
  'connection' => 'close',
  'x-forwarded-for' => '110.87.130.94',
  'upgrade-insecure-requests' => '1',
  'sec-fetch-user' => '?1',
  'sec-fetch-site' => 'none',
  'sec-fetch-mode' => 'navigate',
  'referer' => 'https://yc.cishivip.com/HPkDuzeOnE.php',
  'cookie' => 'Hm_lvt_f8d0a8c400404989e195270b0bbf060a=1582708143,1582770234; uid=1; token=c4a9847e-ec08-4391-8d48-4f9655bc3333',
  'accept-language' => 'zh-CN,zh;q=0.9',
  'accept-encoding' => 'gzip, deflate, br',
  'accept' => 'text/html,application/xhtml+xml,application/xml;q=0.9,image/webp,image/apng,*/*;q=0.8,application/signed-exchange;v=b3',
  'user-agent' => 'Mozilla/5.0 (Windows NT 10.0; WOW64) AppleWebKit/537.36 (KHTML, like Gecko) Chrome/78.0.3904.108 Safari/537.36',
  'host' => 'yc.cishivip.com',
)
[ info ] [ PARAM ] array (
  'url' => '/HPkDuzeOnE.php',
)
[ info ] [ LANG ] D:\phpStudy\PHPTutorial\WWW\aurora\public/../application/admin\lang\zh-cn.php
[ info ] [ BEHAVIOR ] Run app\common\behavior\Common @module_init [ RunTime:0.001095s ]
[ info ] [ SESSION ] INIT array (
  'id' => '',
  'var_session_id' => '',
  'prefix' => 'think',
  'type' => '',
  'auto_start' => true,
)
[ info ] [ LANG ] D:\phpStudy\PHPTutorial\WWW\aurora\public/../application/admin/lang/zh-cn/index.php
[ info ] [ RUN ] app\admin\controller\Index->login[ D:\phpStudy\PHPTutorial\WWW\aurora\application\admin\controller\Index.php ]
[ info ] [ VIEW ] D:\phpStudy\PHPTutorial\WWW\aurora\public/../application/admin\view\index\login.html [ array (
  0 => 'breadcrumb',
  1 => 'site',
  2 => 'config',
  3 => 'auth',
  4 => 'admin',
  5 => 'background',
  6 => 'title',
) ]
[ info ] [ BEHAVIOR ] Run app\admin\behavior\AdminLog @app_end [ RunTime:0.000215s ]
[ info ] [ LOG ] INIT File
---------------------------------------------------------------
[ 2020-04-25T15:15:19+08:00 ] 127.0.0.1 GET test.aurora.com/index.php?s=/captcha
[运行时间：0.021226s] [吞吐率：47.11req/s] [内存消耗：1,634.61kb] [文件加载：105]
[ info ] [ BEHAVIOR ] Run Closure @app_init [ RunTime:0.000014s ]
[ info ] [ CACHE ] INIT File
[ info ] [ BEHAVIOR ] Run Closure @app_init [ RunTime:0.000935s ]
[ info ] [ LANG ] D:\phpStudy\PHPTutorial\WWW\aurora\thinkphp\lang\zh-cn.php
[ info ] [ ROUTE ] array (
  'type' => 'method',
  'method' => 
  array (
    0 => '\\think\\captcha\\CaptchaController',
    1 => 'index',
  ),
  'var' => 
  array (
  ),
)
[ info ] [ HEADER ] array (
  'cookie' => 'PHPSESSID=cb5sh226sn5r843hc5jtsm2m4d',
  'accept-language' => 'zh-CN,zh;q=0.9',
  'accept-encoding' => 'gzip, deflate',
  'referer' => 'http://test.aurora.com/HPkDuzeOnE.php/index/login?url=%2FHPkDuzeOnE.php%2Findex%2Findex',
  'accept' => 'image/webp,image/apng,image/*,*/*;q=0.8',
  'user-agent' => 'Mozilla/5.0 (Windows NT 10.0; WOW64) AppleWebKit/537.36 (KHTML, like Gecko) Chrome/78.0.3904.108 Safari/537.36',
  'connection' => 'close',
  'host' => 'test.aurora.com',
)
[ info ] [ PARAM ] array (
  'id' => NULL,
)
[ info ] [ RUN ] think\captcha\CaptchaController->index[ D:\phpStudy\PHPTutorial\WWW\aurora\vendor\topthink\think-captcha\src\CaptchaController.php ]
[ info ] [ SESSION ] INIT array (
  'id' => '',
  'var_session_id' => '',
  'prefix' => 'think',
  'type' => '',
  'auto_start' => true,
)
[ info ] [ LOG ] INIT File
---------------------------------------------------------------
[ 2020-04-25T15:15:19+08:00 ] 110.87.130.94 GET yc.cishivip.com/index.php?s=/captcha
[运行时间：0.020002s] [吞吐率：50.00req/s] [内存消耗：1,636.04kb] [文件加载：105]
[ info ] [ BEHAVIOR ] Run Closure @app_init [ RunTime:0.000014s ]
[ info ] [ CACHE ] INIT File
[ info ] [ BEHAVIOR ] Run Closure @app_init [ RunTime:0.001118s ]
[ info ] [ LANG ] D:\phpStudy\PHPTutorial\WWW\aurora\thinkphp\lang\zh-cn.php
[ info ] [ ROUTE ] array (
  'type' => 'method',
  'method' => 
  array (
    0 => '\\think\\captcha\\CaptchaController',
    1 => 'index',
  ),
  'var' => 
  array (
  ),
)
[ info ] [ HEADER ] array (
  'connection' => 'close',
  'x-forwarded-for' => '110.87.130.94',
  'sec-fetch-site' => 'same-origin',
  'sec-fetch-mode' => 'no-cors',
  'referer' => 'https://yc.cishivip.com/HPkDuzeOnE.php/index/login?url=%2FHPkDuzeOnE.php',
  'cookie' => 'Hm_lvt_f8d0a8c400404989e195270b0bbf060a=1582708143,1582770234; uid=1; token=c4a9847e-ec08-4391-8d48-4f9655bc3333; PHPSESSID=vgsk2ma54kp1ammcjniepbvnsc',
  'accept-language' => 'zh-CN,zh;q=0.9',
  'accept-encoding' => 'gzip, deflate, br',
  'accept' => 'image/webp,image/apng,image/*,*/*;q=0.8',
  'user-agent' => 'Mozilla/5.0 (Windows NT 10.0; WOW64) AppleWebKit/537.36 (KHTML, like Gecko) Chrome/78.0.3904.108 Safari/537.36',
  'host' => 'yc.cishivip.com',
)
[ info ] [ PARAM ] array (
  'id' => NULL,
)
[ info ] [ RUN ] think\captcha\CaptchaController->index[ D:\phpStudy\PHPTutorial\WWW\aurora\vendor\topthink\think-captcha\src\CaptchaController.php ]
[ info ] [ SESSION ] INIT array (
  'id' => '',
  'var_session_id' => '',
  'prefix' => 'think',
  'type' => '',
  'auto_start' => true,
)
[ info ] [ LOG ] INIT File
---------------------------------------------------------------
[ 2020-04-25T15:15:19+08:00 ] 127.0.0.1 GET test.aurora.com/HPkDuzeOnE.php/ajax/lang?callback=define&controllername=index&v=1587798919
[运行时间：0.027796s] [吞吐率：35.98req/s] [内存消耗：2,598.08kb] [文件加载：125]
[ info ] [ BEHAVIOR ] Run Closure @app_init [ RunTime:0.000012s ]
[ info ] [ CACHE ] INIT File
[ info ] [ BEHAVIOR ] Run Closure @app_init [ RunTime:0.000863s ]
[ info ] [ LANG ] D:\phpStudy\PHPTutorial\WWW\aurora\thinkphp\lang\zh-cn.php
[ info ] [ ROUTE ] array (
  'type' => 'module',
  'module' => 
  array (
    0 => 'admin',
    1 => 'ajax',
    2 => 'lang',
  ),
)
[ info ] [ HEADER ] array (
  'cookie' => 'PHPSESSID=cb5sh226sn5r843hc5jtsm2m4d',
  'accept-language' => 'zh-CN,zh;q=0.9',
  'accept-encoding' => 'gzip, deflate',
  'referer' => 'http://test.aurora.com/HPkDuzeOnE.php/index/login?url=%2FHPkDuzeOnE.php%2Findex%2Findex',
  'accept' => '*/*',
  'user-agent' => 'Mozilla/5.0 (Windows NT 10.0; WOW64) AppleWebKit/537.36 (KHTML, like Gecko) Chrome/78.0.3904.108 Safari/537.36',
  'connection' => 'close',
  'host' => 'test.aurora.com',
)
[ info ] [ PARAM ] array (
  'callback' => 'define',
  'controllername' => 'index',
  'v' => '1587798919',
)
[ info ] [ LANG ] D:\phpStudy\PHPTutorial\WWW\aurora\public/../application/admin\lang\zh-cn.php
[ info ] [ BEHAVIOR ] Run app\common\behavior\Common @module_init [ RunTime:0.001000s ]
[ info ] [ SESSION ] INIT array (
  'id' => '',
  'var_session_id' => '',
  'prefix' => 'think',
  'type' => '',
  'auto_start' => true,
)
[ info ] [ LANG ] D:\phpStudy\PHPTutorial\WWW\aurora\public/../application/admin/lang/zh-cn/ajax.php
[ info ] [ RUN ] app\admin\controller\Ajax->lang[ D:\phpStudy\PHPTutorial\WWW\aurora\application\admin\controller\Ajax.php ]
[ info ] [ LANG ] D:\phpStudy\PHPTutorial\WWW\aurora\public/../application/admin/lang/zh-cn/index.php
[ info ] [ BEHAVIOR ] Run app\admin\behavior\AdminLog @app_end [ RunTime:0.000141s ]
[ info ] [ LOG ] INIT File
---------------------------------------------------------------
[ 2020-04-25T15:15:23+08:00 ] 110.87.130.94 GET yc.cishivip.com/HPkDuzeOnE.php/ajax/lang?callback=define&controllername=index&v=1587798919
[运行时间：0.023387s] [吞吐率：42.76req/s] [内存消耗：2,600.01kb] [文件加载：125]
[ info ] [ BEHAVIOR ] Run Closure @app_init [ RunTime:0.000013s ]
[ info ] [ CACHE ] INIT File
[ info ] [ BEHAVIOR ] Run Closure @app_init [ RunTime:0.000882s ]
[ info ] [ LANG ] D:\phpStudy\PHPTutorial\WWW\aurora\thinkphp\lang\zh-cn.php
[ info ] [ ROUTE ] array (
  'type' => 'module',
  'module' => 
  array (
    0 => 'admin',
    1 => 'ajax',
    2 => 'lang',
  ),
)
[ info ] [ HEADER ] array (
  'connection' => 'close',
  'x-forwarded-for' => '110.87.130.94',
  'sec-fetch-site' => 'same-origin',
  'sec-fetch-mode' => 'no-cors',
  'referer' => 'https://yc.cishivip.com/HPkDuzeOnE.php/index/login?url=%2FHPkDuzeOnE.php',
  'cookie' => 'Hm_lvt_f8d0a8c400404989e195270b0bbf060a=1582708143,1582770234; uid=1; token=c4a9847e-ec08-4391-8d48-4f9655bc3333; PHPSESSID=vgsk2ma54kp1ammcjniepbvnsc',
  'accept-language' => 'zh-CN,zh;q=0.9',
  'accept-encoding' => 'gzip, deflate, br',
  'accept' => '*/*',
  'user-agent' => 'Mozilla/5.0 (Windows NT 10.0; WOW64) AppleWebKit/537.36 (KHTML, like Gecko) Chrome/78.0.3904.108 Safari/537.36',
  'host' => 'yc.cishivip.com',
)
[ info ] [ PARAM ] array (
  'callback' => 'define',
  'controllername' => 'index',
  'v' => '1587798919',
)
[ info ] [ LANG ] D:\phpStudy\PHPTutorial\WWW\aurora\public/../application/admin\lang\zh-cn.php
[ info ] [ BEHAVIOR ] Run app\common\behavior\Common @module_init [ RunTime:0.000899s ]
[ info ] [ SESSION ] INIT array (
  'id' => '',
  'var_session_id' => '',
  'prefix' => 'think',
  'type' => '',
  'auto_start' => true,
)
[ info ] [ LANG ] D:\phpStudy\PHPTutorial\WWW\aurora\public/../application/admin/lang/zh-cn/ajax.php
[ info ] [ RUN ] app\admin\controller\Ajax->lang[ D:\phpStudy\PHPTutorial\WWW\aurora\application\admin\controller\Ajax.php ]
[ info ] [ LANG ] D:\phpStudy\PHPTutorial\WWW\aurora\public/../application/admin/lang/zh-cn/index.php
[ info ] [ BEHAVIOR ] Run app\admin\behavior\AdminLog @app_end [ RunTime:0.000108s ]
[ info ] [ LOG ] INIT File
---------------------------------------------------------------
[ 2020-04-25T15:24:45+08:00 ] 42.236.10.75 GET yc.cishivip.com/
[运行时间：0.029173s] [吞吐率：34.28req/s] [内存消耗：2,347.24kb] [文件加载：121]
[ info ] [ BEHAVIOR ] Run Closure @app_init [ RunTime:0.000012s ]
[ info ] [ CACHE ] INIT File
[ info ] [ BEHAVIOR ] Run Closure @app_init [ RunTime:0.001136s ]
[ info ] [ LANG ] D:\phpStudy\PHPTutorial\WWW\aurora\thinkphp\lang\zh-cn.php
[ info ] [ ROUTE ] array (
  'type' => 'module',
  'module' => 
  array (
    0 => '',
    1 => NULL,
    2 => NULL,
  ),
)
[ info ] [ HEADER ] array (
  'connection' => 'close',
  'x-forwarded-for' => '42.236.10.75',
  'upgrade-insecure-requests' => '1',
  'referer' => 'http://baidu.com/',
  'pragma' => 'no-cache',
  'cache-control' => 'no-cache',
  'accept-encoding' => 'gzip, deflate',
  'accept' => 'text/html,application/xhtml+xml,application/xml;q=0.9,image/webp,image/apng,*/*;q=0.8',
  'user-agent' => 'Mozilla/5.0 (Linux; U; Android 8.1.0; zh-CN; EML-AL00 Build/HUAWEIEML-AL00) AppleWebKit/537.36 (KHTML, like Gecko) Version/4.0 Chrome/57.0.2987.108 baidu.sogo.uc.UCBrowser/11.9.4.974 UWS/2.13.1.48 Mobile Safari/537.36 AliApp(DingTalk/4.5.11) com.alibaba.android.rimet/10487439 Channel/227200 language/zh-CN',
  'host' => 'yc.cishivip.com',
)
[ info ] [ PARAM ] array (
)
[ info ] [ LANG ] D:\phpStudy\PHPTutorial\WWW\aurora\public/../application/index\lang\zh-cn.php
[ info ] [ BEHAVIOR ] Run app\common\behavior\Common @module_init [ RunTime:0.001084s ]
[ info ] [ LANG ] D:\phpStudy\PHPTutorial\WWW\aurora\public/../application/index/lang/zh-cn/index.php
[ info ] [ RUN ] app\index\controller\Index->index[ D:\phpStudy\PHPTutorial\WWW\aurora\application\index\controller\Index.php ]
[ info ] [ VIEW ] D:\phpStudy\PHPTutorial\WWW\aurora\public/../application/index\view\index\index.html [ array (
  0 => 'user',
  1 => 'site',
  2 => 'config',
) ]
[ info ] [ LOG ] INIT File
---------------------------------------------------------------
[ 2020-04-25T15:25:00+08:00 ] 42.236.10.75 GET yc.cishivip.com/
[运行时间：0.021357s] [吞吐率：46.82req/s] [内存消耗：2,347.24kb] [文件加载：121]
[ info ] [ BEHAVIOR ] Run Closure @app_init [ RunTime:0.000012s ]
[ info ] [ CACHE ] INIT File
[ info ] [ BEHAVIOR ] Run Closure @app_init [ RunTime:0.000877s ]
[ info ] [ LANG ] D:\phpStudy\PHPTutorial\WWW\aurora\thinkphp\lang\zh-cn.php
[ info ] [ ROUTE ] array (
  'type' => 'module',
  'module' => 
  array (
    0 => '',
    1 => NULL,
    2 => NULL,
  ),
)
[ info ] [ HEADER ] array (
  'connection' => 'close',
  'x-forwarded-for' => '42.236.10.75',
  'upgrade-insecure-requests' => '1',
  'referer' => 'http://baidu.com/',
  'pragma' => 'no-cache',
  'cache-control' => 'no-cache',
  'accept-encoding' => 'gzip, deflate',
  'accept' => 'text/html,application/xhtml+xml,application/xml;q=0.9,image/webp,image/apng,*/*;q=0.8',
  'user-agent' => 'Mozilla/5.0 (Linux; U; Android 8.1.0; zh-CN; EML-AL00 Build/HUAWEIEML-AL00) AppleWebKit/537.36 (KHTML, like Gecko) Version/4.0 Chrome/57.0.2987.108 baidu.sogo.uc.UCBrowser/11.9.4.974 UWS/2.13.1.48 Mobile Safari/537.36 AliApp(DingTalk/4.5.11) com.alibaba.android.rimet/10487439 Channel/227200 language/zh-CN',
  'host' => 'yc.cishivip.com',
)
[ info ] [ PARAM ] array (
)
[ info ] [ LANG ] D:\phpStudy\PHPTutorial\WWW\aurora\public/../application/index\lang\zh-cn.php
[ info ] [ BEHAVIOR ] Run app\common\behavior\Common @module_init [ RunTime:0.000879s ]
[ info ] [ LANG ] D:\phpStudy\PHPTutorial\WWW\aurora\public/../application/index/lang/zh-cn/index.php
[ info ] [ RUN ] app\index\controller\Index->index[ D:\phpStudy\PHPTutorial\WWW\aurora\application\index\controller\Index.php ]
[ info ] [ VIEW ] D:\phpStudy\PHPTutorial\WWW\aurora\public/../application/index\view\index\index.html [ array (
  0 => 'user',
  1 => 'site',
  2 => 'config',
) ]
[ info ] [ LOG ] INIT File
---------------------------------------------------------------
[ 2020-04-25T15:25:19+08:00 ] 42.236.10.114 GET yc.cishivip.com/HPkDuzeOnE.php/index/login
[运行时间：0.025264s] [吞吐率：39.58req/s] [内存消耗：2,591.20kb] [文件加载：125]
[ info ] [ BEHAVIOR ] Run Closure @app_init [ RunTime:0.000012s ]
[ info ] [ CACHE ] INIT File
[ info ] [ BEHAVIOR ] Run Closure @app_init [ RunTime:0.000892s ]
[ info ] [ LANG ] D:\phpStudy\PHPTutorial\WWW\aurora\thinkphp\lang\zh-cn.php
[ info ] [ ROUTE ] array (
  'type' => 'module',
  'module' => 
  array (
    0 => 'admin',
    1 => 'index',
    2 => 'login',
  ),
)
[ info ] [ HEADER ] array (
  'connection' => 'close',
  'x-forwarded-for' => '42.236.10.114',
  'upgrade-insecure-requests' => '1',
  'referer' => 'http://baidu.com/',
  'pragma' => 'no-cache',
  'cache-control' => 'no-cache',
  'accept-encoding' => 'gzip, deflate',
  'accept' => 'text/html,application/xhtml+xml,application/xml;q=0.9,image/webp,image/apng,*/*;q=0.8',
  'user-agent' => 'Mozilla/5.0 (Linux; U; Android 8.1.0; zh-CN; EML-AL00 Build/HUAWEIEML-AL00) AppleWebKit/537.36 (KHTML, like Gecko) Version/4.0 Chrome/57.0.2987.108 baidu.sogo.uc.UCBrowser/11.9.4.974 UWS/2.13.1.48 Mobile Safari/537.36 AliApp(DingTalk/4.5.11) com.alibaba.android.rimet/10487439 Channel/227200 language/zh-CN',
  'host' => 'yc.cishivip.com',
)
[ info ] [ PARAM ] array (
)
[ info ] [ LANG ] D:\phpStudy\PHPTutorial\WWW\aurora\public/../application/admin\lang\zh-cn.php
[ info ] [ BEHAVIOR ] Run app\common\behavior\Common @module_init [ RunTime:0.000876s ]
[ info ] [ SESSION ] INIT array (
  'id' => '',
  'var_session_id' => '',
  'prefix' => 'think',
  'type' => '',
  'auto_start' => true,
)
[ info ] [ LANG ] D:\phpStudy\PHPTutorial\WWW\aurora\public/../application/admin/lang/zh-cn/index.php
[ info ] [ RUN ] app\admin\controller\Index->login[ D:\phpStudy\PHPTutorial\WWW\aurora\application\admin\controller\Index.php ]
[ info ] [ VIEW ] D:\phpStudy\PHPTutorial\WWW\aurora\public/../application/admin\view\index\login.html [ array (
  0 => 'breadcrumb',
  1 => 'site',
  2 => 'config',
  3 => 'auth',
  4 => 'admin',
  5 => 'background',
  6 => 'title',
) ]
[ info ] [ BEHAVIOR ] Run app\admin\behavior\AdminLog @app_end [ RunTime:0.000168s ]
[ info ] [ LOG ] INIT File
---------------------------------------------------------------
[ 2020-04-25T15:25:20+08:00 ] 42.236.10.114 GET yc.cishivip.com/index.php?s=/captcha
[运行时间：0.017187s] [吞吐率：58.18req/s] [内存消耗：1,636.34kb] [文件加载：105]
[ info ] [ BEHAVIOR ] Run Closure @app_init [ RunTime:0.000012s ]
[ info ] [ CACHE ] INIT File
[ info ] [ BEHAVIOR ] Run Closure @app_init [ RunTime:0.000885s ]
[ info ] [ LANG ] D:\phpStudy\PHPTutorial\WWW\aurora\thinkphp\lang\zh-cn.php
[ info ] [ ROUTE ] array (
  'type' => 'method',
  'method' => 
  array (
    0 => '\\think\\captcha\\CaptchaController',
    1 => 'index',
  ),
  'var' => 
  array (
  ),
)
[ info ] [ HEADER ] array (
  'connection' => 'close',
  'x-forwarded-for' => '42.236.10.114',
  'referer' => 'https://yc.cishivip.com/HPkDuzeOnE.php/index/login',
  'pragma' => 'no-cache',
  'cookie' => 'PHPSESSID=52ais4chbh6vbj0rd5k4i6b2ms',
  'cache-control' => 'no-cache',
  'accept-encoding' => 'gzip, deflate',
  'accept' => 'image/webp,image/apng,image/*,*/*;q=0.8',
  'user-agent' => 'Mozilla/5.0 (Linux; U; Android 8.1.0; zh-CN; EML-AL00 Build/HUAWEIEML-AL00) AppleWebKit/537.36 (KHTML, like Gecko) Version/4.0 Chrome/57.0.2987.108 baidu.sogo.uc.UCBrowser/11.9.4.974 UWS/2.13.1.48 Mobile Safari/537.36 AliApp(DingTalk/4.5.11) com.alibaba.android.rimet/10487439 Channel/227200 language/zh-CN',
  'host' => 'yc.cishivip.com',
)
[ info ] [ PARAM ] array (
  'id' => NULL,
)
[ info ] [ RUN ] think\captcha\CaptchaController->index[ D:\phpStudy\PHPTutorial\WWW\aurora\vendor\topthink\think-captcha\src\CaptchaController.php ]
[ info ] [ SESSION ] INIT array (
  'id' => '',
  'var_session_id' => '',
  'prefix' => 'think',
  'type' => '',
  'auto_start' => true,
)
[ info ] [ LOG ] INIT File
---------------------------------------------------------------
[ 2020-04-25T15:32:59+08:00 ] 180.163.220.67 GET yc.cishivip.com/
[运行时间：0.026702s] [吞吐率：37.45req/s] [内存消耗：2,347.24kb] [文件加载：121]
[ info ] [ BEHAVIOR ] Run Closure @app_init [ RunTime:0.000013s ]
[ info ] [ CACHE ] INIT File
[ info ] [ BEHAVIOR ] Run Closure @app_init [ RunTime:0.001099s ]
[ info ] [ LANG ] D:\phpStudy\PHPTutorial\WWW\aurora\thinkphp\lang\zh-cn.php
[ info ] [ ROUTE ] array (
  'type' => 'module',
  'module' => 
  array (
    0 => '',
    1 => NULL,
    2 => NULL,
  ),
)
[ info ] [ HEADER ] array (
  'connection' => 'close',
  'x-forwarded-for' => '180.163.220.67',
  'upgrade-insecure-requests' => '1',
  'referer' => 'http://baidu.com/',
  'pragma' => 'no-cache',
  'cache-control' => 'no-cache',
  'accept-encoding' => 'gzip, deflate',
  'accept' => 'text/html,application/xhtml+xml,application/xml;q=0.9,image/webp,image/apng,*/*;q=0.8',
  'user-agent' => 'Mozilla/5.0 (Linux; U; Android 8.1.0; zh-CN; EML-AL00 Build/HUAWEIEML-AL00) AppleWebKit/537.36 (KHTML, like Gecko) Version/4.0 Chrome/57.0.2987.108 baidu.sogo.uc.UCBrowser/11.9.4.974 UWS/2.13.1.48 Mobile Safari/537.36 AliApp(DingTalk/4.5.11) com.alibaba.android.rimet/10487439 Channel/227200 language/zh-CN',
  'host' => 'yc.cishivip.com',
)
[ info ] [ PARAM ] array (
)
[ info ] [ LANG ] D:\phpStudy\PHPTutorial\WWW\aurora\public/../application/index\lang\zh-cn.php
[ info ] [ BEHAVIOR ] Run app\common\behavior\Common @module_init [ RunTime:0.001061s ]
[ info ] [ LANG ] D:\phpStudy\PHPTutorial\WWW\aurora\public/../application/index/lang/zh-cn/index.php
[ info ] [ RUN ] app\index\controller\Index->index[ D:\phpStudy\PHPTutorial\WWW\aurora\application\index\controller\Index.php ]
[ info ] [ VIEW ] D:\phpStudy\PHPTutorial\WWW\aurora\public/../application/index\view\index\index.html [ array (
  0 => 'user',
  1 => 'site',
  2 => 'config',
) ]
[ info ] [ LOG ] INIT File
---------------------------------------------------------------
[ 2020-04-25T15:33:16+08:00 ] 180.163.220.66 GET yc.cishivip.com/
[运行时间：0.027004s] [吞吐率：37.03req/s] [内存消耗：2,347.24kb] [文件加载：121]
[ info ] [ BEHAVIOR ] Run Closure @app_init [ RunTime:0.000012s ]
[ info ] [ CACHE ] INIT File
[ info ] [ BEHAVIOR ] Run Closure @app_init [ RunTime:0.001140s ]
[ info ] [ LANG ] D:\phpStudy\PHPTutorial\WWW\aurora\thinkphp\lang\zh-cn.php
[ info ] [ ROUTE ] array (
  'type' => 'module',
  'module' => 
  array (
    0 => '',
    1 => NULL,
    2 => NULL,
  ),
)
[ info ] [ HEADER ] array (
  'connection' => 'close',
  'x-forwarded-for' => '180.163.220.66',
  'upgrade-insecure-requests' => '1',
  'referer' => 'http://baidu.com/',
  'pragma' => 'no-cache',
  'cache-control' => 'no-cache',
  'accept-encoding' => 'gzip, deflate',
  'accept' => 'text/html,application/xhtml+xml,application/xml;q=0.9,image/webp,image/apng,*/*;q=0.8',
  'user-agent' => 'Mozilla/5.0 (Linux; U; Android 8.1.0; zh-CN; EML-AL00 Build/HUAWEIEML-AL00) AppleWebKit/537.36 (KHTML, like Gecko) Version/4.0 Chrome/57.0.2987.108 baidu.sogo.uc.UCBrowser/11.9.4.974 UWS/2.13.1.48 Mobile Safari/537.36 AliApp(DingTalk/4.5.11) com.alibaba.android.rimet/10487439 Channel/227200 language/zh-CN',
  'host' => 'yc.cishivip.com',
)
[ info ] [ PARAM ] array (
)
[ info ] [ LANG ] D:\phpStudy\PHPTutorial\WWW\aurora\public/../application/index\lang\zh-cn.php
[ info ] [ BEHAVIOR ] Run app\common\behavior\Common @module_init [ RunTime:0.001088s ]
[ info ] [ LANG ] D:\phpStudy\PHPTutorial\WWW\aurora\public/../application/index/lang/zh-cn/index.php
[ info ] [ RUN ] app\index\controller\Index->index[ D:\phpStudy\PHPTutorial\WWW\aurora\application\index\controller\Index.php ]
[ info ] [ VIEW ] D:\phpStudy\PHPTutorial\WWW\aurora\public/../application/index\view\index\index.html [ array (
  0 => 'user',
  1 => 'site',
  2 => 'config',
) ]
[ info ] [ LOG ] INIT File
